2025-02-18 03:05:47.250 [info] Reading sessions from keychain...
2025-02-18 03:05:47.251 [info] Getting sessions for all scopes...
2025-02-18 03:05:47.251 [info] Getting sessions for all scopes...
2025-02-18 03:05:47.251 [info] Got stored sessions!
2025-02-18 03:05:47.251 [info] Got 1 verified sessions.
2025-02-18 03:05:47.251 [info] Got 1 sessions for ...
2025-02-18 03:05:47.251 [info] Got 1 sessions for ...
2025-02-18 03:05:47.259 [info] Getting sessions for all scopes...
2025-02-18 03:05:47.259 [info] Got 1 sessions for ...
2025-02-18 03:05:47.260 [info] Getting sessions for all scopes...
2025-02-18 03:05:47.260 [info] Got 1 sessions for ...
2025-02-18 03:05:47.260 [info] Getting sessions for all scopes...
2025-02-18 03:05:47.260 [info] Got 1 sessions for ...
2025-02-18 03:05:47.260 [info] Getting sessions for all scopes...
2025-02-18 03:05:47.260 [info] Got 1 sessions for ...
2025-02-18 03:05:47.260 [info] Getting sessions for all scopes...
2025-02-18 03:05:47.260 [info] Got 1 sessions for ...
2025-02-18 03:05:47.356 [info] Getting sessions for all scopes...
2025-02-18 03:05:47.356 [info] Got 1 sessions for ...
2025-02-18 03:05:48.164 [info] Getting sessions for read:user,repo,user:email,workflow...
2025-02-18 03:05:48.164 [info] Got 0 sessions for read:user,repo,user:email,workflow...
2025-02-18 03:05:48.164 [info] Getting sessions for all scopes...
2025-02-18 03:05:48.164 [info] Got 1 sessions for ...
2025-02-18 03:05:48.164 [info] Getting sessions for all scopes...
2025-02-18 03:05:48.164 [info] Got 1 sessions for ...
2025-02-18 03:05:48.169 [info] Getting sessions for read:user...
2025-02-18 03:05:48.169 [info] Got 0 sessions for read:user...
2025-02-18 03:05:48.169 [info] Getting sessions for read:user,repo,user:email,workflow...
2025-02-18 03:05:48.169 [info] Got 0 sessions for read:user,repo,user:email,workflow...
2025-02-18 03:05:48.170 [info] Getting sessions for user:email...
2025-02-18 03:05:48.170 [info] Got 1 sessions for user:email...
2025-02-18 03:05:48.170 [info] Getting sessions for user:email...
2025-02-18 03:05:48.170 [info] Got 1 sessions for user:email...
2025-02-18 03:05:48.175 [info] Getting sessions for all scopes...
2025-02-18 03:05:48.175 [info] Got 1 sessions for ...
2025-02-18 03:05:48.178 [info] Getting sessions for read:user,repo,user:email,workflow...
2025-02-18 03:05:48.178 [info] Got 0 sessions for read:user,repo,user:email,workflow...
2025-02-18 03:05:48.941 [info] Getting sessions for user:email...
2025-02-18 03:05:48.941 [info] Got 1 sessions for user:email...
2025-02-18 03:05:48.953 [info] Getting sessions for all scopes...
2025-02-18 03:05:48.953 [info] Got 1 sessions for ...
2025-02-18 03:05:48.954 [info] Getting sessions for read:user,repo,user:email,workflow...
2025-02-18 03:05:48.954 [info] Got 0 sessions for read:user,repo,user:email,workflow...
2025-02-18 03:05:48.954 [info] Getting sessions for user:email...
2025-02-18 03:05:48.954 [info] Got 1 sessions for user:email...
2025-02-18 03:05:49.100 [info] Getting sessions for all scopes...
2025-02-18 03:05:49.100 [info] Got 1 sessions for ...
2025-02-18 03:05:49.106 [info] Getting sessions for read:user,repo,user:email,workflow...
2025-02-18 03:05:49.106 [info] Got 0 sessions for read:user,repo,user:email,workflow...
2025-02-18 03:05:49.121 [info] Getting sessions for user:email...
2025-02-18 03:05:49.121 [info] Got 1 sessions for user:email...
2025-02-18 03:05:49.372 [info] Getting sessions for all scopes...
2025-02-18 03:05:49.372 [info] Got 1 sessions for ...
2025-02-18 03:05:49.393 [info] Getting sessions for all scopes...
2025-02-18 03:05:49.393 [info] Got 1 sessions for ...
2025-02-18 03:05:49.393 [info] Getting sessions for all scopes...
2025-02-18 03:05:49.393 [info] Got 1 sessions for ...
2025-02-18 03:05:49.407 [info] Getting sessions for read:user,repo,user:email,workflow...
2025-02-18 03:05:49.407 [info] Got 0 sessions for read:user,repo,user:email,workflow...
2025-02-18 03:05:49.407 [info] Getting sessions for user:email...
2025-02-18 03:05:49.407 [info] Got 1 sessions for user:email...
2025-02-18 03:05:49.409 [info] Getting sessions for all scopes...
2025-02-18 03:05:49.409 [info] Got 1 sessions for ...
2025-02-18 03:05:49.409 [info] Getting sessions for read:user,repo,user:email,workflow...
2025-02-18 03:05:49.409 [info] Got 0 sessions for read:user,repo,user:email,workflow...
2025-02-18 03:05:49.409 [info] Getting sessions for user:email...
2025-02-18 03:05:49.409 [info] Got 1 sessions for user:email...
2025-02-18 03:05:49.440 [info] Getting sessions for all scopes...
2025-02-18 03:05:49.440 [info] Got 1 sessions for ...
2025-02-18 03:05:49.441 [info] Getting sessions for read:user,repo,user:email,workflow...
2025-02-18 03:05:49.441 [info] Got 0 sessions for read:user,repo,user:email,workflow...
2025-02-18 03:05:49.441 [info] Getting sessions for user:email...
2025-02-18 03:05:49.441 [info] Got 1 sessions for user:email...
2025-02-18 03:05:49.682 [info] Getting sessions for all scopes...
2025-02-18 03:05:49.682 [info] Got 1 sessions for ...
2025-02-18 03:05:49.684 [info] Getting sessions for read:user,repo,user:email,workflow...
2025-02-18 03:05:49.684 [info] Got 0 sessions for read:user,repo,user:email,workflow...
2025-02-18 03:05:49.684 [info] Getting sessions for user:email...
2025-02-18 03:05:49.684 [info] Got 1 sessions for user:email...
