2025-02-18 03:55:59.121 [info] Reading sessions from keychain...
2025-02-18 03:55:59.121 [info] Getting sessions for all scopes...
2025-02-18 03:55:59.121 [info] Getting sessions for all scopes...
2025-02-18 03:55:59.121 [info] Getting sessions for all scopes...
2025-02-18 03:55:59.121 [info] Getting sessions for all scopes...
2025-02-18 03:55:59.121 [info] Getting sessions for all scopes...
2025-02-18 03:55:59.121 [info] Getting sessions for all scopes...
2025-02-18 03:55:59.121 [info] Getting sessions for all scopes...
2025-02-18 03:55:59.121 [info] Got stored sessions!
2025-02-18 03:55:59.121 [info] Got 1 verified sessions.
2025-02-18 03:55:59.121 [info] Got 1 sessions for ...
2025-02-18 03:55:59.121 [info] Got 1 sessions for ...
2025-02-18 03:55:59.121 [info] Got 1 sessions for ...
2025-02-18 03:55:59.121 [info] Got 1 sessions for ...
2025-02-18 03:55:59.121 [info] Got 1 sessions for ...
2025-02-18 03:55:59.121 [info] Got 1 sessions for ...
2025-02-18 03:55:59.121 [info] Got 1 sessions for ...
2025-02-18 03:55:59.754 [info] Getting sessions for all scopes...
2025-02-18 03:55:59.754 [info] Got 1 sessions for ...
2025-02-18 03:55:59.989 [info] Getting sessions for read:user,repo,user:email,workflow...
2025-02-18 03:55:59.990 [info] Got 0 sessions for read:user,repo,user:email,workflow...
2025-02-18 03:55:59.990 [info] Getting sessions for all scopes...
2025-02-18 03:55:59.990 [info] Got 1 sessions for ...
2025-02-18 03:55:59.990 [info] Getting sessions for all scopes...
2025-02-18 03:55:59.990 [info] Got 1 sessions for ...
2025-02-18 03:55:59.992 [info] Getting sessions for read:user...
2025-02-18 03:55:59.992 [info] Got 0 sessions for read:user...
2025-02-18 03:55:59.992 [info] Getting sessions for read:user,repo,user:email,workflow...
2025-02-18 03:55:59.992 [info] Got 0 sessions for read:user,repo,user:email,workflow...
2025-02-18 03:55:59.992 [info] Getting sessions for user:email...
2025-02-18 03:55:59.993 [info] Got 1 sessions for user:email...
2025-02-18 03:55:59.993 [info] Getting sessions for user:email...
2025-02-18 03:55:59.993 [info] Got 1 sessions for user:email...
2025-02-18 03:55:59.996 [info] Getting sessions for all scopes...
2025-02-18 03:55:59.997 [info] Got 1 sessions for ...
2025-02-18 03:55:59.999 [info] Getting sessions for read:user,repo,user:email,workflow...
2025-02-18 03:55:59.999 [info] Got 0 sessions for read:user,repo,user:email,workflow...
2025-02-18 03:56:00.747 [info] Getting sessions for user:email...
2025-02-18 03:56:00.747 [info] Got 1 sessions for user:email...
2025-02-18 03:56:00.758 [info] Getting sessions for all scopes...
2025-02-18 03:56:00.758 [info] Got 1 sessions for ...
2025-02-18 03:56:00.758 [info] Getting sessions for read:user,repo,user:email,workflow...
2025-02-18 03:56:00.758 [info] Got 0 sessions for read:user,repo,user:email,workflow...
2025-02-18 03:56:00.758 [info] Getting sessions for user:email...
2025-02-18 03:56:00.758 [info] Got 1 sessions for user:email...
2025-02-18 03:56:00.913 [info] Getting sessions for all scopes...
2025-02-18 03:56:00.913 [info] Got 1 sessions for ...
2025-02-18 03:56:00.920 [info] Getting sessions for read:user,repo,user:email,workflow...
2025-02-18 03:56:00.920 [info] Got 0 sessions for read:user,repo,user:email,workflow...
2025-02-18 03:56:00.936 [info] Getting sessions for user:email...
2025-02-18 03:56:00.936 [info] Got 1 sessions for user:email...
2025-02-18 03:56:01.138 [info] Getting sessions for all scopes...
2025-02-18 03:56:01.138 [info] Got 1 sessions for ...
2025-02-18 03:56:01.138 [info] Getting sessions for all scopes...
2025-02-18 03:56:01.138 [info] Got 1 sessions for ...
2025-02-18 03:56:01.149 [info] Getting sessions for read:user,repo,user:email,workflow...
2025-02-18 03:56:01.149 [info] Got 0 sessions for read:user,repo,user:email,workflow...
2025-02-18 03:56:01.150 [info] Getting sessions for user:email...
2025-02-18 03:56:01.150 [info] Got 1 sessions for user:email...
2025-02-18 03:56:01.151 [info] Getting sessions for all scopes...
2025-02-18 03:56:01.151 [info] Got 1 sessions for ...
2025-02-18 03:56:01.152 [info] Getting sessions for read:user,repo,user:email,workflow...
2025-02-18 03:56:01.152 [info] Got 0 sessions for read:user,repo,user:email,workflow...
2025-02-18 03:56:01.152 [info] Getting sessions for user:email...
2025-02-18 03:56:01.152 [info] Got 1 sessions for user:email...
2025-02-18 03:56:01.181 [info] Getting sessions for all scopes...
2025-02-18 03:56:01.181 [info] Got 1 sessions for ...
2025-02-18 03:56:01.182 [info] Getting sessions for read:user,repo,user:email,workflow...
2025-02-18 03:56:01.182 [info] Got 0 sessions for read:user,repo,user:email,workflow...
2025-02-18 03:56:01.182 [info] Getting sessions for user:email...
2025-02-18 03:56:01.182 [info] Got 1 sessions for user:email...
2025-02-18 03:56:01.431 [info] Getting sessions for all scopes...
2025-02-18 03:56:01.431 [info] Got 1 sessions for ...
2025-02-18 03:56:01.434 [info] Getting sessions for all scopes...
2025-02-18 03:56:01.434 [info] Got 1 sessions for ...
2025-02-18 03:56:01.436 [info] Getting sessions for read:user,repo,user:email,workflow...
2025-02-18 03:56:01.436 [info] Got 0 sessions for read:user,repo,user:email,workflow...
2025-02-18 03:56:01.436 [info] Getting sessions for user:email...
2025-02-18 03:56:01.436 [info] Got 1 sessions for user:email...
