2025-02-18 03:51:27.679 [info] Reading sessions from keychain...
2025-02-18 03:51:27.679 [info] Getting sessions for all scopes...
2025-02-18 03:51:27.679 [info] Getting sessions for all scopes...
2025-02-18 03:51:27.679 [info] Got stored sessions!
2025-02-18 03:51:27.679 [info] Got 1 verified sessions.
2025-02-18 03:51:27.679 [info] Got 1 sessions for ...
2025-02-18 03:51:27.679 [info] Got 1 sessions for ...
2025-02-18 03:51:27.679 [info] Getting sessions for all scopes...
2025-02-18 03:51:27.679 [info] Got 1 sessions for ...
2025-02-18 03:51:27.679 [info] Getting sessions for all scopes...
2025-02-18 03:51:27.679 [info] Got 1 sessions for ...
2025-02-18 03:51:27.679 [info] Getting sessions for all scopes...
2025-02-18 03:51:27.679 [info] Got 1 sessions for ...
2025-02-18 03:51:27.679 [info] Getting sessions for all scopes...
2025-02-18 03:51:27.679 [info] Got 1 sessions for ...
2025-02-18 03:51:27.679 [info] Getting sessions for all scopes...
2025-02-18 03:51:27.679 [info] Got 1 sessions for ...
2025-02-18 03:51:27.779 [info] Getting sessions for all scopes...
2025-02-18 03:51:27.779 [info] Got 1 sessions for ...
2025-02-18 03:51:28.565 [info] Getting sessions for read:user,repo,user:email,workflow...
2025-02-18 03:51:28.565 [info] Got 0 sessions for read:user,repo,user:email,workflow...
2025-02-18 03:51:28.565 [info] Getting sessions for all scopes...
2025-02-18 03:51:28.565 [info] Got 1 sessions for ...
2025-02-18 03:51:28.565 [info] Getting sessions for all scopes...
2025-02-18 03:51:28.565 [info] Got 1 sessions for ...
2025-02-18 03:51:28.567 [info] Getting sessions for read:user...
2025-02-18 03:51:28.567 [info] Got 0 sessions for read:user...
2025-02-18 03:51:28.567 [info] Getting sessions for read:user,repo,user:email,workflow...
2025-02-18 03:51:28.567 [info] Got 0 sessions for read:user,repo,user:email,workflow...
2025-02-18 03:51:28.568 [info] Getting sessions for user:email...
2025-02-18 03:51:28.568 [info] Got 1 sessions for user:email...
2025-02-18 03:51:28.568 [info] Getting sessions for user:email...
2025-02-18 03:51:28.568 [info] Got 1 sessions for user:email...
2025-02-18 03:51:28.570 [info] Getting sessions for all scopes...
2025-02-18 03:51:28.570 [info] Got 1 sessions for ...
2025-02-18 03:51:29.327 [info] Getting sessions for read:user,repo,user:email,workflow...
2025-02-18 03:51:29.327 [info] Got 0 sessions for read:user,repo,user:email,workflow...
2025-02-18 03:51:29.330 [info] Getting sessions for user:email...
2025-02-18 03:51:29.330 [info] Got 1 sessions for user:email...
2025-02-18 03:51:29.331 [info] Getting sessions for all scopes...
2025-02-18 03:51:29.331 [info] Got 1 sessions for ...
2025-02-18 03:51:29.331 [info] Getting sessions for read:user,repo,user:email,workflow...
2025-02-18 03:51:29.331 [info] Got 0 sessions for read:user,repo,user:email,workflow...
2025-02-18 03:51:29.332 [info] Getting sessions for user:email...
2025-02-18 03:51:29.332 [info] Got 1 sessions for user:email...
2025-02-18 03:51:29.464 [info] Getting sessions for all scopes...
2025-02-18 03:51:29.464 [info] Got 1 sessions for ...
2025-02-18 03:51:29.501 [info] Getting sessions for read:user,repo,user:email,workflow...
2025-02-18 03:51:29.501 [info] Got 0 sessions for read:user,repo,user:email,workflow...
2025-02-18 03:51:29.503 [info] Getting sessions for user:email...
2025-02-18 03:51:29.503 [info] Got 1 sessions for user:email...
2025-02-18 03:51:29.720 [info] Getting sessions for all scopes...
2025-02-18 03:51:29.720 [info] Got 1 sessions for ...
2025-02-18 03:51:29.720 [info] Getting sessions for all scopes...
2025-02-18 03:51:29.720 [info] Got 1 sessions for ...
2025-02-18 03:51:29.731 [info] Getting sessions for read:user,repo,user:email,workflow...
2025-02-18 03:51:29.731 [info] Got 0 sessions for read:user,repo,user:email,workflow...
2025-02-18 03:51:29.731 [info] Getting sessions for user:email...
2025-02-18 03:51:29.731 [info] Got 1 sessions for user:email...
2025-02-18 03:51:29.733 [info] Getting sessions for all scopes...
2025-02-18 03:51:29.733 [info] Got 1 sessions for ...
2025-02-18 03:51:29.733 [info] Getting sessions for read:user,repo,user:email,workflow...
2025-02-18 03:51:29.734 [info] Got 0 sessions for read:user,repo,user:email,workflow...
2025-02-18 03:51:29.734 [info] Getting sessions for user:email...
2025-02-18 03:51:29.734 [info] Got 1 sessions for user:email...
2025-02-18 03:51:29.778 [info] Getting sessions for all scopes...
2025-02-18 03:51:29.778 [info] Got 1 sessions for ...
2025-02-18 03:51:29.787 [info] Getting sessions for read:user,repo,user:email,workflow...
2025-02-18 03:51:29.787 [info] Got 0 sessions for read:user,repo,user:email,workflow...
2025-02-18 03:51:29.788 [info] Getting sessions for user:email...
2025-02-18 03:51:29.788 [info] Got 1 sessions for user:email...
2025-02-18 03:51:29.820 [info] Getting sessions for all scopes...
2025-02-18 03:51:29.820 [info] Got 1 sessions for ...
2025-02-18 03:51:30.012 [info] Getting sessions for all scopes...
2025-02-18 03:51:30.012 [info] Got 1 sessions for ...
2025-02-18 03:51:30.014 [info] Getting sessions for read:user,repo,user:email,workflow...
2025-02-18 03:51:30.014 [info] Got 0 sessions for read:user,repo,user:email,workflow...
2025-02-18 03:51:30.015 [info] Getting sessions for user:email...
2025-02-18 03:51:30.015 [info] Got 1 sessions for user:email...
