2025-02-18 04:13:15.941 [info] Reading sessions from keychain...
2025-02-18 04:13:15.941 [info] Getting sessions for all scopes...
2025-02-18 04:13:15.941 [info] Getting sessions for all scopes...
2025-02-18 04:13:15.941 [info] Got stored sessions!
2025-02-18 04:13:15.941 [info] Got 1 verified sessions.
2025-02-18 04:13:15.941 [info] Got 1 sessions for ...
2025-02-18 04:13:15.941 [info] Got 1 sessions for ...
2025-02-18 04:13:15.952 [info] Getting sessions for all scopes...
2025-02-18 04:13:15.952 [info] Got 1 sessions for ...
2025-02-18 04:13:15.952 [info] Getting sessions for all scopes...
2025-02-18 04:13:15.952 [info] Got 1 sessions for ...
2025-02-18 04:13:15.952 [info] Getting sessions for all scopes...
2025-02-18 04:13:15.952 [info] Got 1 sessions for ...
2025-02-18 04:13:15.952 [info] Getting sessions for all scopes...
2025-02-18 04:13:15.952 [info] Got 1 sessions for ...
2025-02-18 04:13:15.952 [info] Getting sessions for all scopes...
2025-02-18 04:13:15.952 [info] Got 1 sessions for ...
2025-02-18 04:13:16.065 [info] Getting sessions for all scopes...
2025-02-18 04:13:16.065 [info] Got 1 sessions for ...
2025-02-18 04:13:16.866 [info] Getting sessions for read:user,repo,user:email,workflow...
2025-02-18 04:13:16.866 [info] Got 0 sessions for read:user,repo,user:email,workflow...
2025-02-18 04:13:16.866 [info] Getting sessions for all scopes...
2025-02-18 04:13:16.866 [info] Got 1 sessions for ...
2025-02-18 04:13:16.866 [info] Getting sessions for all scopes...
2025-02-18 04:13:16.866 [info] Got 1 sessions for ...
2025-02-18 04:13:16.872 [info] Getting sessions for read:user...
2025-02-18 04:13:16.872 [info] Got 0 sessions for read:user...
2025-02-18 04:13:16.872 [info] Getting sessions for read:user,repo,user:email,workflow...
2025-02-18 04:13:16.872 [info] Got 0 sessions for read:user,repo,user:email,workflow...
2025-02-18 04:13:16.872 [info] Getting sessions for user:email...
2025-02-18 04:13:16.872 [info] Got 1 sessions for user:email...
2025-02-18 04:13:16.872 [info] Getting sessions for user:email...
2025-02-18 04:13:16.872 [info] Got 1 sessions for user:email...
2025-02-18 04:13:16.874 [info] Getting sessions for all scopes...
2025-02-18 04:13:16.874 [info] Got 1 sessions for ...
2025-02-18 04:13:16.879 [info] Getting sessions for read:user,repo,user:email,workflow...
2025-02-18 04:13:16.879 [info] Got 0 sessions for read:user,repo,user:email,workflow...
2025-02-18 04:13:17.656 [info] Getting sessions for user:email...
2025-02-18 04:13:17.656 [info] Got 1 sessions for user:email...
2025-02-18 04:13:17.668 [info] Getting sessions for all scopes...
2025-02-18 04:13:17.668 [info] Got 1 sessions for ...
2025-02-18 04:13:17.668 [info] Getting sessions for read:user,repo,user:email,workflow...
2025-02-18 04:13:17.668 [info] Got 0 sessions for read:user,repo,user:email,workflow...
2025-02-18 04:13:17.669 [info] Getting sessions for user:email...
2025-02-18 04:13:17.669 [info] Got 1 sessions for user:email...
2025-02-18 04:13:17.815 [info] Getting sessions for all scopes...
2025-02-18 04:13:17.815 [info] Got 1 sessions for ...
2025-02-18 04:13:17.826 [info] Getting sessions for read:user,repo,user:email,workflow...
2025-02-18 04:13:17.826 [info] Got 0 sessions for read:user,repo,user:email,workflow...
2025-02-18 04:13:17.835 [info] Getting sessions for user:email...
2025-02-18 04:13:17.835 [info] Got 1 sessions for user:email...
2025-02-18 04:13:18.063 [info] Getting sessions for all scopes...
2025-02-18 04:13:18.063 [info] Got 1 sessions for ...
2025-02-18 04:13:18.063 [info] Getting sessions for all scopes...
2025-02-18 04:13:18.063 [info] Got 1 sessions for ...
2025-02-18 04:13:18.076 [info] Getting sessions for all scopes...
2025-02-18 04:13:18.076 [info] Got 1 sessions for ...
2025-02-18 04:13:18.104 [info] Getting sessions for read:user,repo,user:email,workflow...
2025-02-18 04:13:18.104 [info] Got 0 sessions for read:user,repo,user:email,workflow...
2025-02-18 04:13:18.105 [info] Getting sessions for user:email...
2025-02-18 04:13:18.105 [info] Got 1 sessions for user:email...
2025-02-18 04:13:18.106 [info] Getting sessions for all scopes...
2025-02-18 04:13:18.106 [info] Got 1 sessions for ...
2025-02-18 04:13:18.107 [info] Getting sessions for read:user,repo,user:email,workflow...
2025-02-18 04:13:18.107 [info] Got 0 sessions for read:user,repo,user:email,workflow...
2025-02-18 04:13:18.107 [info] Getting sessions for user:email...
2025-02-18 04:13:18.107 [info] Got 1 sessions for user:email...
2025-02-18 04:13:18.144 [info] Getting sessions for all scopes...
2025-02-18 04:13:18.145 [info] Got 1 sessions for ...
2025-02-18 04:13:18.147 [info] Getting sessions for read:user,repo,user:email,workflow...
2025-02-18 04:13:18.147 [info] Got 0 sessions for read:user,repo,user:email,workflow...
2025-02-18 04:13:18.147 [info] Getting sessions for user:email...
2025-02-18 04:13:18.147 [info] Got 1 sessions for user:email...
2025-02-18 04:13:18.373 [info] Getting sessions for all scopes...
2025-02-18 04:13:18.373 [info] Got 1 sessions for ...
2025-02-18 04:13:18.374 [info] Getting sessions for read:user,repo,user:email,workflow...
2025-02-18 04:13:18.374 [info] Got 0 sessions for read:user,repo,user:email,workflow...
2025-02-18 04:13:18.374 [info] Getting sessions for user:email...
2025-02-18 04:13:18.374 [info] Got 1 sessions for user:email...
2025-02-18 04:28:18.378 [info] Getting sessions for all scopes...
2025-02-18 04:28:18.378 [info] Got 1 sessions for ...
2025-02-18 04:28:18.382 [info] Getting sessions for read:user,repo,user:email,workflow...
2025-02-18 04:28:18.382 [info] Got 0 sessions for read:user,repo,user:email,workflow...
2025-02-18 04:28:18.385 [info] Getting sessions for user:email...
2025-02-18 04:28:18.385 [info] Got 1 sessions for user:email...
2025-02-18 04:28:18.418 [info] Getting sessions for all scopes...
2025-02-18 04:28:18.418 [info] Got 1 sessions for ...
2025-02-18 04:28:18.419 [info] Getting sessions for read:user,repo,user:email,workflow...
2025-02-18 04:28:18.419 [info] Got 0 sessions for read:user,repo,user:email,workflow...
2025-02-18 04:28:18.419 [info] Getting sessions for user:email...
2025-02-18 04:28:18.419 [info] Got 1 sessions for user:email...
2025-02-18 04:38:18.038 [info] Getting sessions for all scopes...
2025-02-18 04:38:18.038 [info] Got 1 sessions for ...
2025-02-18 04:38:18.042 [info] Getting sessions for read:user,repo,user:email,workflow...
2025-02-18 04:38:18.042 [info] Got 0 sessions for read:user,repo,user:email,workflow...
2025-02-18 04:38:18.045 [info] Getting sessions for user:email...
2025-02-18 04:38:18.045 [info] Got 1 sessions for user:email...
2025-02-18 04:38:18.470 [info] Getting sessions for all scopes...
2025-02-18 04:38:18.470 [info] Got 1 sessions for ...
2025-02-18 04:38:18.470 [info] Getting sessions for all scopes...
2025-02-18 04:38:18.470 [info] Got 1 sessions for ...
2025-02-18 04:38:18.470 [info] Getting sessions for read:user,repo,user:email,workflow...
2025-02-18 04:38:18.470 [info] Got 0 sessions for read:user,repo,user:email,workflow...
2025-02-18 04:38:18.471 [info] Getting sessions for user:email...
2025-02-18 04:38:18.471 [info] Got 1 sessions for user:email...
2025-02-18 04:38:18.472 [info] Getting sessions for all scopes...
2025-02-18 04:38:18.472 [info] Got 1 sessions for ...
2025-02-18 04:38:18.473 [info] Getting sessions for read:user,repo,user:email,workflow...
2025-02-18 04:38:18.473 [info] Got 0 sessions for read:user,repo,user:email,workflow...
2025-02-18 04:38:18.474 [info] Getting sessions for user:email...
2025-02-18 04:38:18.475 [info] Got 1 sessions for user:email...
2025-02-18 04:38:18.486 [info] Getting sessions for all scopes...
2025-02-18 04:38:18.486 [info] Got 1 sessions for ...
2025-02-18 04:38:18.487 [info] Getting sessions for read:user,repo,user:email,workflow...
2025-02-18 04:38:18.487 [info] Got 0 sessions for read:user,repo,user:email,workflow...
2025-02-18 04:38:18.487 [info] Getting sessions for user:email...
2025-02-18 04:38:18.487 [info] Got 1 sessions for user:email...
2025-02-18 04:53:18.492 [info] Getting sessions for all scopes...
2025-02-18 04:53:18.493 [info] Got 1 sessions for ...
2025-02-18 04:53:18.496 [info] Getting sessions for read:user,repo,user:email,workflow...
2025-02-18 04:53:18.497 [info] Got 0 sessions for read:user,repo,user:email,workflow...
2025-02-18 04:53:18.500 [info] Getting sessions for user:email...
2025-02-18 04:53:18.500 [info] Got 1 sessions for user:email...
2025-02-18 04:53:18.533 [info] Getting sessions for all scopes...
2025-02-18 04:53:18.533 [info] Got 1 sessions for ...
2025-02-18 04:53:18.535 [info] Getting sessions for read:user,repo,user:email,workflow...
2025-02-18 04:53:18.535 [info] Got 0 sessions for read:user,repo,user:email,workflow...
2025-02-18 04:53:18.535 [info] Getting sessions for user:email...
2025-02-18 04:53:18.535 [info] Got 1 sessions for user:email...
2025-02-18 05:03:18.473 [info] Getting sessions for all scopes...
2025-02-18 05:03:18.473 [info] Got 1 sessions for ...
2025-02-18 05:03:18.477 [info] Getting sessions for read:user,repo,user:email,workflow...
2025-02-18 05:03:18.477 [info] Got 0 sessions for read:user,repo,user:email,workflow...
2025-02-18 05:03:18.480 [info] Getting sessions for user:email...
2025-02-18 05:03:18.480 [info] Got 1 sessions for user:email...
2025-02-18 05:03:18.850 [info] Getting sessions for all scopes...
2025-02-18 05:03:18.850 [info] Got 1 sessions for ...
2025-02-18 05:03:18.850 [info] Getting sessions for all scopes...
2025-02-18 05:03:18.850 [info] Got 1 sessions for ...
2025-02-18 05:03:18.852 [info] Getting sessions for read:user,repo,user:email,workflow...
2025-02-18 05:03:18.852 [info] Got 0 sessions for read:user,repo,user:email,workflow...
2025-02-18 05:03:18.855 [info] Getting sessions for user:email...
2025-02-18 05:03:18.855 [info] Got 1 sessions for user:email...
2025-02-18 05:03:18.857 [info] Getting sessions for all scopes...
2025-02-18 05:03:18.857 [info] Got 1 sessions for ...
2025-02-18 05:03:18.859 [info] Getting sessions for read:user,repo,user:email,workflow...
2025-02-18 05:03:18.859 [info] Got 0 sessions for read:user,repo,user:email,workflow...
2025-02-18 05:03:18.861 [info] Getting sessions for user:email...
2025-02-18 05:03:18.861 [info] Got 1 sessions for user:email...
2025-02-18 05:03:18.876 [info] Getting sessions for all scopes...
2025-02-18 05:03:18.876 [info] Got 1 sessions for ...
2025-02-18 05:03:18.876 [info] Getting sessions for read:user,repo,user:email,workflow...
2025-02-18 05:03:18.876 [info] Got 0 sessions for read:user,repo,user:email,workflow...
2025-02-18 05:03:18.877 [info] Getting sessions for user:email...
2025-02-18 05:03:18.877 [info] Got 1 sessions for user:email...
2025-02-18 05:03:18.878 [info] Getting sessions for all scopes...
2025-02-18 05:03:18.878 [info] Got 1 sessions for ...
2025-02-18 05:03:18.878 [info] Getting sessions for read:user,repo,user:email,workflow...
2025-02-18 05:03:18.878 [info] Got 0 sessions for read:user,repo,user:email,workflow...
2025-02-18 05:03:18.878 [info] Getting sessions for user:email...
2025-02-18 05:03:18.878 [info] Got 1 sessions for user:email...
