2025-02-18 22:40:03.229 [info] Reading sessions from keychain...
2025-02-18 22:40:03.229 [info] Getting sessions for all scopes...
2025-02-18 22:40:03.229 [info] Getting sessions for all scopes...
2025-02-18 22:40:03.229 [info] Getting sessions for all scopes...
2025-02-18 22:40:03.229 [info] Getting sessions for all scopes...
2025-02-18 22:40:03.229 [info] Getting sessions for all scopes...
2025-02-18 22:40:03.229 [info] Getting sessions for all scopes...
2025-02-18 22:40:03.229 [info] Getting sessions for all scopes...
2025-02-18 22:40:03.246 [info] Got stored sessions!
2025-02-18 22:40:03.246 [info] Got 1 verified sessions.
2025-02-18 22:40:03.246 [info] Got 1 sessions for ...
2025-02-18 22:40:03.246 [info] Got 1 sessions for ...
2025-02-18 22:40:03.246 [info] Got 1 sessions for ...
2025-02-18 22:40:03.246 [info] Got 1 sessions for ...
2025-02-18 22:40:03.246 [info] Got 1 sessions for ...
2025-02-18 22:40:03.246 [info] Got 1 sessions for ...
2025-02-18 22:40:03.246 [info] Got 1 sessions for ...
2025-02-18 22:40:03.361 [info] Getting sessions for all scopes...
2025-02-18 22:40:03.361 [info] Got 1 sessions for ...
2025-02-18 22:40:04.157 [info] Getting sessions for read:user,repo,user:email,workflow...
2025-02-18 22:40:04.157 [info] Got 0 sessions for read:user,repo,user:email,workflow...
2025-02-18 22:40:04.157 [info] Getting sessions for all scopes...
2025-02-18 22:40:04.157 [info] Got 1 sessions for ...
2025-02-18 22:40:04.158 [info] Getting sessions for all scopes...
2025-02-18 22:40:04.158 [info] Got 1 sessions for ...
2025-02-18 22:40:04.161 [info] Getting sessions for read:user...
2025-02-18 22:40:04.161 [info] Got 0 sessions for read:user...
2025-02-18 22:40:04.161 [info] Getting sessions for read:user,repo,user:email,workflow...
2025-02-18 22:40:04.161 [info] Got 0 sessions for read:user,repo,user:email,workflow...
2025-02-18 22:40:04.161 [info] Getting sessions for user:email...
2025-02-18 22:40:04.161 [info] Got 1 sessions for user:email...
2025-02-18 22:40:04.161 [info] Getting sessions for user:email...
2025-02-18 22:40:04.161 [info] Got 1 sessions for user:email...
2025-02-18 22:40:04.165 [info] Getting sessions for all scopes...
2025-02-18 22:40:04.165 [info] Got 1 sessions for ...
2025-02-18 22:40:04.168 [info] Getting sessions for read:user,repo,user:email,workflow...
2025-02-18 22:40:04.168 [info] Got 0 sessions for read:user,repo,user:email,workflow...
2025-02-18 22:40:04.947 [info] Getting sessions for user:email...
2025-02-18 22:40:04.947 [info] Got 1 sessions for user:email...
2025-02-18 22:40:04.958 [info] Getting sessions for all scopes...
2025-02-18 22:40:04.958 [info] Got 1 sessions for ...
2025-02-18 22:40:04.960 [info] Getting sessions for read:user,repo,user:email,workflow...
2025-02-18 22:40:04.960 [info] Got 0 sessions for read:user,repo,user:email,workflow...
2025-02-18 22:40:04.961 [info] Getting sessions for user:email...
2025-02-18 22:40:04.961 [info] Got 1 sessions for user:email...
2025-02-18 22:40:05.119 [info] Getting sessions for all scopes...
2025-02-18 22:40:05.119 [info] Got 1 sessions for ...
2025-02-18 22:40:05.128 [info] Getting sessions for read:user,repo,user:email,workflow...
2025-02-18 22:40:05.128 [info] Got 0 sessions for read:user,repo,user:email,workflow...
2025-02-18 22:40:05.143 [info] Getting sessions for user:email...
2025-02-18 22:40:05.143 [info] Got 1 sessions for user:email...
2025-02-18 22:40:05.355 [info] Getting sessions for all scopes...
2025-02-18 22:40:05.355 [info] Got 1 sessions for ...
2025-02-18 22:40:05.379 [info] Getting sessions for all scopes...
2025-02-18 22:40:05.379 [info] Got 1 sessions for ...
2025-02-18 22:40:05.379 [info] Getting sessions for all scopes...
2025-02-18 22:40:05.379 [info] Got 1 sessions for ...
2025-02-18 22:40:05.390 [info] Getting sessions for read:user,repo,user:email,workflow...
2025-02-18 22:40:05.390 [info] Got 0 sessions for read:user,repo,user:email,workflow...
2025-02-18 22:40:05.391 [info] Getting sessions for user:email...
2025-02-18 22:40:05.391 [info] Got 1 sessions for user:email...
2025-02-18 22:40:05.392 [info] Getting sessions for all scopes...
2025-02-18 22:40:05.392 [info] Got 1 sessions for ...
2025-02-18 22:40:05.392 [info] Getting sessions for read:user,repo,user:email,workflow...
2025-02-18 22:40:05.392 [info] Got 0 sessions for read:user,repo,user:email,workflow...
2025-02-18 22:40:05.392 [info] Getting sessions for user:email...
2025-02-18 22:40:05.392 [info] Got 1 sessions for user:email...
2025-02-18 22:40:05.420 [info] Getting sessions for all scopes...
2025-02-18 22:40:05.420 [info] Got 1 sessions for ...
2025-02-18 22:40:05.420 [info] Getting sessions for read:user,repo,user:email,workflow...
2025-02-18 22:40:05.420 [info] Got 0 sessions for read:user,repo,user:email,workflow...
2025-02-18 22:40:05.421 [info] Getting sessions for user:email...
2025-02-18 22:40:05.421 [info] Got 1 sessions for user:email...
2025-02-18 22:40:05.672 [info] Getting sessions for all scopes...
2025-02-18 22:40:05.672 [info] Got 1 sessions for ...
2025-02-18 22:40:05.673 [info] Getting sessions for read:user,repo,user:email,workflow...
2025-02-18 22:40:05.673 [info] Got 0 sessions for read:user,repo,user:email,workflow...
2025-02-18 22:40:05.674 [info] Getting sessions for user:email...
2025-02-18 22:40:05.674 [info] Got 1 sessions for user:email...
2025-02-18 22:55:05.677 [info] Getting sessions for all scopes...
2025-02-18 22:55:05.677 [info] Got 1 sessions for ...
2025-02-18 22:55:05.680 [info] Getting sessions for read:user,repo,user:email,workflow...
2025-02-18 22:55:05.680 [info] Got 0 sessions for read:user,repo,user:email,workflow...
2025-02-18 22:55:05.682 [info] Getting sessions for user:email...
2025-02-18 22:55:05.682 [info] Got 1 sessions for user:email...
2025-02-18 22:55:05.715 [info] Getting sessions for all scopes...
2025-02-18 22:55:05.715 [info] Got 1 sessions for ...
2025-02-18 22:55:05.716 [info] Getting sessions for read:user,repo,user:email,workflow...
2025-02-18 22:55:05.716 [info] Got 0 sessions for read:user,repo,user:email,workflow...
2025-02-18 22:55:05.716 [info] Getting sessions for user:email...
2025-02-18 22:55:05.716 [info] Got 1 sessions for user:email...
2025-02-18 23:05:05.376 [info] Getting sessions for all scopes...
2025-02-18 23:05:05.376 [info] Got 1 sessions for ...
2025-02-18 23:05:05.379 [info] Getting sessions for read:user,repo,user:email,workflow...
2025-02-18 23:05:05.379 [info] Got 0 sessions for read:user,repo,user:email,workflow...
2025-02-18 23:05:05.381 [info] Getting sessions for user:email...
2025-02-18 23:05:05.381 [info] Got 1 sessions for user:email...
2025-02-18 23:05:05.772 [info] Getting sessions for all scopes...
2025-02-18 23:05:05.772 [info] Got 1 sessions for ...
2025-02-18 23:05:05.772 [info] Getting sessions for all scopes...
2025-02-18 23:05:05.772 [info] Got 1 sessions for ...
2025-02-18 23:05:05.774 [info] Getting sessions for read:user,repo,user:email,workflow...
2025-02-18 23:05:05.774 [info] Got 0 sessions for read:user,repo,user:email,workflow...
2025-02-18 23:05:05.776 [info] Getting sessions for user:email...
2025-02-18 23:05:05.776 [info] Got 1 sessions for user:email...
2025-02-18 23:05:05.778 [info] Getting sessions for all scopes...
2025-02-18 23:05:05.778 [info] Got 1 sessions for ...
2025-02-18 23:05:05.779 [info] Getting sessions for read:user,repo,user:email,workflow...
2025-02-18 23:05:05.779 [info] Got 0 sessions for read:user,repo,user:email,workflow...
2025-02-18 23:05:05.780 [info] Getting sessions for user:email...
2025-02-18 23:05:05.780 [info] Got 1 sessions for user:email...
2025-02-18 23:05:05.787 [info] Getting sessions for all scopes...
2025-02-18 23:05:05.787 [info] Got 1 sessions for ...
2025-02-18 23:05:05.788 [info] Getting sessions for read:user,repo,user:email,workflow...
2025-02-18 23:05:05.788 [info] Got 0 sessions for read:user,repo,user:email,workflow...
2025-02-18 23:05:05.788 [info] Getting sessions for user:email...
2025-02-18 23:05:05.788 [info] Got 1 sessions for user:email...
2025-02-18 23:20:05.790 [info] Getting sessions for all scopes...
2025-02-18 23:20:05.790 [info] Got 1 sessions for ...
2025-02-18 23:20:05.791 [info] Getting sessions for read:user,repo,user:email,workflow...
2025-02-18 23:20:05.791 [info] Got 0 sessions for read:user,repo,user:email,workflow...
2025-02-18 23:20:05.792 [info] Getting sessions for user:email...
2025-02-18 23:20:05.792 [info] Got 1 sessions for user:email...
2025-02-18 23:20:05.810 [info] Getting sessions for all scopes...
2025-02-18 23:20:05.810 [info] Got 1 sessions for ...
2025-02-18 23:20:05.811 [info] Getting sessions for read:user,repo,user:email,workflow...
2025-02-18 23:20:05.811 [info] Got 0 sessions for read:user,repo,user:email,workflow...
2025-02-18 23:20:05.811 [info] Getting sessions for user:email...
2025-02-18 23:20:05.811 [info] Got 1 sessions for user:email...
