2025-02-18 23:28:36.313 [info] Reading sessions from keychain...
2025-02-18 23:28:36.313 [info] Getting sessions for all scopes...
2025-02-18 23:28:36.313 [info] Getting sessions for all scopes...
2025-02-18 23:28:36.313 [info] Got stored sessions!
2025-02-18 23:28:36.313 [info] Got 1 verified sessions.
2025-02-18 23:28:36.313 [info] Got 1 sessions for ...
2025-02-18 23:28:36.313 [info] Got 1 sessions for ...
2025-02-18 23:28:36.313 [info] Getting sessions for all scopes...
2025-02-18 23:28:36.313 [info] Got 1 sessions for ...
2025-02-18 23:28:36.313 [info] Getting sessions for all scopes...
2025-02-18 23:28:36.313 [info] Got 1 sessions for ...
2025-02-18 23:28:36.313 [info] Getting sessions for all scopes...
2025-02-18 23:28:36.313 [info] Got 1 sessions for ...
2025-02-18 23:28:36.313 [info] Getting sessions for all scopes...
2025-02-18 23:28:36.313 [info] Got 1 sessions for ...
2025-02-18 23:28:36.313 [info] Getting sessions for all scopes...
2025-02-18 23:28:36.313 [info] Got 1 sessions for ...
2025-02-18 23:28:36.424 [info] Getting sessions for all scopes...
2025-02-18 23:28:36.424 [info] Got 1 sessions for ...
2025-02-18 23:28:37.232 [info] Getting sessions for read:user,repo,user:email,workflow...
2025-02-18 23:28:37.232 [info] Got 0 sessions for read:user,repo,user:email,workflow...
2025-02-18 23:28:37.232 [info] Getting sessions for all scopes...
2025-02-18 23:28:37.232 [info] Got 1 sessions for ...
2025-02-18 23:28:37.232 [info] Getting sessions for all scopes...
2025-02-18 23:28:37.232 [info] Got 1 sessions for ...
2025-02-18 23:28:37.234 [info] Getting sessions for read:user...
2025-02-18 23:28:37.234 [info] Got 0 sessions for read:user...
2025-02-18 23:28:37.234 [info] Getting sessions for read:user,repo,user:email,workflow...
2025-02-18 23:28:37.234 [info] Got 0 sessions for read:user,repo,user:email,workflow...
2025-02-18 23:28:37.234 [info] Getting sessions for user:email...
2025-02-18 23:28:37.234 [info] Got 1 sessions for user:email...
2025-02-18 23:28:37.234 [info] Getting sessions for user:email...
2025-02-18 23:28:37.234 [info] Got 1 sessions for user:email...
2025-02-18 23:28:37.236 [info] Getting sessions for all scopes...
2025-02-18 23:28:37.236 [info] Got 1 sessions for ...
2025-02-18 23:28:37.242 [info] Getting sessions for read:user,repo,user:email,workflow...
2025-02-18 23:28:37.242 [info] Got 0 sessions for read:user,repo,user:email,workflow...
2025-02-18 23:28:37.998 [info] Getting sessions for user:email...
2025-02-18 23:28:37.998 [info] Got 1 sessions for user:email...
2025-02-18 23:28:38.008 [info] Getting sessions for all scopes...
2025-02-18 23:28:38.008 [info] Got 1 sessions for ...
2025-02-18 23:28:38.009 [info] Getting sessions for read:user,repo,user:email,workflow...
2025-02-18 23:28:38.009 [info] Got 0 sessions for read:user,repo,user:email,workflow...
2025-02-18 23:28:38.010 [info] Getting sessions for user:email...
2025-02-18 23:28:38.010 [info] Got 1 sessions for user:email...
2025-02-18 23:28:38.149 [info] Getting sessions for all scopes...
2025-02-18 23:28:38.149 [info] Got 1 sessions for ...
2025-02-18 23:28:38.159 [info] Getting sessions for read:user,repo,user:email,workflow...
2025-02-18 23:28:38.159 [info] Got 0 sessions for read:user,repo,user:email,workflow...
2025-02-18 23:28:38.161 [info] Getting sessions for user:email...
2025-02-18 23:28:38.161 [info] Got 1 sessions for user:email...
2025-02-18 23:28:38.358 [info] Getting sessions for all scopes...
2025-02-18 23:28:38.358 [info] Got 1 sessions for ...
2025-02-18 23:28:38.358 [info] Getting sessions for all scopes...
2025-02-18 23:28:38.358 [info] Got 1 sessions for ...
2025-02-18 23:28:38.369 [info] Getting sessions for read:user,repo,user:email,workflow...
2025-02-18 23:28:38.369 [info] Got 0 sessions for read:user,repo,user:email,workflow...
2025-02-18 23:28:38.370 [info] Getting sessions for user:email...
2025-02-18 23:28:38.370 [info] Got 1 sessions for user:email...
2025-02-18 23:28:38.371 [info] Getting sessions for all scopes...
2025-02-18 23:28:38.371 [info] Got 1 sessions for ...
2025-02-18 23:28:38.372 [info] Getting sessions for read:user,repo,user:email,workflow...
2025-02-18 23:28:38.372 [info] Got 0 sessions for read:user,repo,user:email,workflow...
2025-02-18 23:28:38.372 [info] Getting sessions for user:email...
2025-02-18 23:28:38.372 [info] Got 1 sessions for user:email...
2025-02-18 23:28:38.407 [info] Getting sessions for all scopes...
2025-02-18 23:28:38.407 [info] Got 1 sessions for ...
2025-02-18 23:28:38.433 [info] Getting sessions for read:user,repo,user:email,workflow...
2025-02-18 23:28:38.433 [info] Got 0 sessions for read:user,repo,user:email,workflow...
2025-02-18 23:28:38.441 [info] Getting sessions for all scopes...
2025-02-18 23:28:38.441 [info] Got 1 sessions for ...
2025-02-18 23:28:38.452 [info] Getting sessions for user:email...
2025-02-18 23:28:38.452 [info] Got 1 sessions for user:email...
2025-02-18 23:28:38.660 [info] Getting sessions for all scopes...
2025-02-18 23:28:38.660 [info] Got 1 sessions for ...
2025-02-18 23:28:38.661 [info] Getting sessions for read:user,repo,user:email,workflow...
2025-02-18 23:28:38.661 [info] Got 0 sessions for read:user,repo,user:email,workflow...
2025-02-18 23:28:38.662 [info] Getting sessions for user:email...
2025-02-18 23:28:38.662 [info] Got 1 sessions for user:email...
