2025-02-18 03:19:27.870 [info] Reading sessions from keychain...
2025-02-18 03:19:27.870 [info] Getting sessions for all scopes...
2025-02-18 03:19:27.870 [info] Getting sessions for all scopes...
2025-02-18 03:19:27.870 [info] Getting sessions for all scopes...
2025-02-18 03:19:27.870 [info] Getting sessions for all scopes...
2025-02-18 03:19:27.870 [info] Getting sessions for all scopes...
2025-02-18 03:19:27.870 [info] Getting sessions for all scopes...
2025-02-18 03:19:27.870 [info] Getting sessions for all scopes...
2025-02-18 03:19:27.899 [info] Got stored sessions!
2025-02-18 03:19:27.899 [info] Got 1 verified sessions.
2025-02-18 03:19:27.899 [info] Got 1 sessions for ...
2025-02-18 03:19:27.899 [info] Got 1 sessions for ...
2025-02-18 03:19:27.899 [info] Got 1 sessions for ...
2025-02-18 03:19:27.899 [info] Got 1 sessions for ...
2025-02-18 03:19:27.899 [info] Got 1 sessions for ...
2025-02-18 03:19:27.899 [info] Got 1 sessions for ...
2025-02-18 03:19:27.899 [info] Got 1 sessions for ...
2025-02-18 03:19:27.899 [info] Getting sessions for all scopes...
2025-02-18 03:19:27.899 [info] Got 1 sessions for ...
2025-02-18 03:19:28.741 [info] Getting sessions for read:user,repo,user:email,workflow...
2025-02-18 03:19:28.741 [info] Got 0 sessions for read:user,repo,user:email,workflow...
2025-02-18 03:19:28.741 [info] Getting sessions for all scopes...
2025-02-18 03:19:28.741 [info] Got 1 sessions for ...
2025-02-18 03:19:28.741 [info] Getting sessions for all scopes...
2025-02-18 03:19:28.741 [info] Got 1 sessions for ...
2025-02-18 03:19:28.743 [info] Getting sessions for read:user...
2025-02-18 03:19:28.743 [info] Got 0 sessions for read:user...
2025-02-18 03:19:28.744 [info] Getting sessions for read:user,repo,user:email,workflow...
2025-02-18 03:19:28.744 [info] Got 0 sessions for read:user,repo,user:email,workflow...
2025-02-18 03:19:28.744 [info] Getting sessions for user:email...
2025-02-18 03:19:28.744 [info] Got 1 sessions for user:email...
2025-02-18 03:19:28.744 [info] Getting sessions for user:email...
2025-02-18 03:19:28.744 [info] Got 1 sessions for user:email...
2025-02-18 03:19:28.748 [info] Getting sessions for all scopes...
2025-02-18 03:19:28.748 [info] Got 1 sessions for ...
2025-02-18 03:19:28.750 [info] Getting sessions for read:user,repo,user:email,workflow...
2025-02-18 03:19:28.750 [info] Got 0 sessions for read:user,repo,user:email,workflow...
2025-02-18 03:19:29.497 [info] Getting sessions for user:email...
2025-02-18 03:19:29.497 [info] Got 1 sessions for user:email...
2025-02-18 03:19:29.508 [info] Getting sessions for all scopes...
2025-02-18 03:19:29.508 [info] Got 1 sessions for ...
2025-02-18 03:19:29.508 [info] Getting sessions for read:user,repo,user:email,workflow...
2025-02-18 03:19:29.508 [info] Got 0 sessions for read:user,repo,user:email,workflow...
2025-02-18 03:19:29.509 [info] Getting sessions for user:email...
2025-02-18 03:19:29.509 [info] Got 1 sessions for user:email...
2025-02-18 03:19:29.653 [info] Getting sessions for all scopes...
2025-02-18 03:19:29.653 [info] Got 1 sessions for ...
2025-02-18 03:19:29.657 [info] Getting sessions for read:user,repo,user:email,workflow...
2025-02-18 03:19:29.657 [info] Got 0 sessions for read:user,repo,user:email,workflow...
2025-02-18 03:19:29.674 [info] Getting sessions for user:email...
2025-02-18 03:19:29.674 [info] Got 1 sessions for user:email...
2025-02-18 03:19:29.861 [info] Getting sessions for all scopes...
2025-02-18 03:19:29.861 [info] Got 1 sessions for ...
2025-02-18 03:19:29.861 [info] Getting sessions for all scopes...
2025-02-18 03:19:29.861 [info] Got 1 sessions for ...
2025-02-18 03:19:29.861 [info] Getting sessions for read:user,repo,user:email,workflow...
2025-02-18 03:19:29.861 [info] Got 0 sessions for read:user,repo,user:email,workflow...
2025-02-18 03:19:29.872 [info] Getting sessions for user:email...
2025-02-18 03:19:29.872 [info] Got 1 sessions for user:email...
2025-02-18 03:19:29.873 [info] Getting sessions for all scopes...
2025-02-18 03:19:29.873 [info] Got 1 sessions for ...
2025-02-18 03:19:29.873 [info] Getting sessions for read:user,repo,user:email,workflow...
2025-02-18 03:19:29.873 [info] Got 0 sessions for read:user,repo,user:email,workflow...
2025-02-18 03:19:29.873 [info] Getting sessions for user:email...
2025-02-18 03:19:29.873 [info] Got 1 sessions for user:email...
2025-02-18 03:19:29.903 [info] Getting sessions for all scopes...
2025-02-18 03:19:29.903 [info] Got 1 sessions for ...
2025-02-18 03:19:29.903 [info] Getting sessions for read:user,repo,user:email,workflow...
2025-02-18 03:19:29.903 [info] Got 0 sessions for read:user,repo,user:email,workflow...
2025-02-18 03:19:29.904 [info] Getting sessions for user:email...
2025-02-18 03:19:29.904 [info] Got 1 sessions for user:email...
2025-02-18 03:19:29.953 [info] Getting sessions for all scopes...
2025-02-18 03:19:29.953 [info] Got 1 sessions for ...
2025-02-18 03:19:30.224 [info] Getting sessions for all scopes...
2025-02-18 03:19:30.224 [info] Got 1 sessions for ...
2025-02-18 03:19:30.225 [info] Getting sessions for read:user,repo,user:email,workflow...
2025-02-18 03:19:30.225 [info] Got 0 sessions for read:user,repo,user:email,workflow...
2025-02-18 03:19:30.225 [info] Getting sessions for user:email...
2025-02-18 03:19:30.225 [info] Got 1 sessions for user:email...
2025-02-18 03:34:30.229 [info] Getting sessions for all scopes...
2025-02-18 03:34:30.229 [info] Got 1 sessions for ...
2025-02-18 03:34:30.232 [info] Getting sessions for read:user,repo,user:email,workflow...
2025-02-18 03:34:30.232 [info] Got 0 sessions for read:user,repo,user:email,workflow...
2025-02-18 03:34:30.235 [info] Getting sessions for user:email...
2025-02-18 03:34:30.235 [info] Got 1 sessions for user:email...
2025-02-18 03:34:30.239 [info] Getting sessions for all scopes...
2025-02-18 03:34:30.239 [info] Got 1 sessions for ...
2025-02-18 03:34:30.241 [info] Getting sessions for read:user,repo,user:email,workflow...
2025-02-18 03:34:30.241 [info] Got 0 sessions for read:user,repo,user:email,workflow...
2025-02-18 03:34:30.243 [info] Getting sessions for user:email...
2025-02-18 03:34:30.243 [info] Got 1 sessions for user:email...
2025-02-18 03:44:29.859 [info] Getting sessions for all scopes...
2025-02-18 03:44:29.859 [info] Got 1 sessions for ...
2025-02-18 03:44:29.864 [info] Getting sessions for read:user,repo,user:email,workflow...
2025-02-18 03:44:29.864 [info] Got 0 sessions for read:user,repo,user:email,workflow...
2025-02-18 03:44:29.867 [info] Getting sessions for user:email...
2025-02-18 03:44:29.867 [info] Got 1 sessions for user:email...
2025-02-18 03:44:30.293 [info] Getting sessions for all scopes...
2025-02-18 03:44:30.293 [info] Got 1 sessions for ...
2025-02-18 03:44:30.293 [info] Getting sessions for all scopes...
2025-02-18 03:44:30.293 [info] Got 1 sessions for ...
2025-02-18 03:44:30.295 [info] Getting sessions for read:user,repo,user:email,workflow...
2025-02-18 03:44:30.295 [info] Got 0 sessions for read:user,repo,user:email,workflow...
2025-02-18 03:44:30.298 [info] Getting sessions for user:email...
2025-02-18 03:44:30.298 [info] Got 1 sessions for user:email...
2025-02-18 03:44:30.302 [info] Getting sessions for all scopes...
2025-02-18 03:44:30.302 [info] Got 1 sessions for ...
2025-02-18 03:44:30.305 [info] Getting sessions for read:user,repo,user:email,workflow...
2025-02-18 03:44:30.305 [info] Got 0 sessions for read:user,repo,user:email,workflow...
2025-02-18 03:44:30.307 [info] Getting sessions for user:email...
2025-02-18 03:44:30.307 [info] Got 1 sessions for user:email...
2025-02-18 03:44:30.321 [info] Getting sessions for all scopes...
2025-02-18 03:44:30.321 [info] Got 1 sessions for ...
2025-02-18 03:44:30.322 [info] Getting sessions for read:user,repo,user:email,workflow...
2025-02-18 03:44:30.322 [info] Got 0 sessions for read:user,repo,user:email,workflow...
2025-02-18 03:44:30.323 [info] Getting sessions for user:email...
2025-02-18 03:44:30.323 [info] Got 1 sessions for user:email...
