2025-02-18 03:07:31.256 [info] Reading sessions from keychain...
2025-02-18 03:07:31.256 [info] Getting sessions for all scopes...
2025-02-18 03:07:31.256 [info] Getting sessions for all scopes...
2025-02-18 03:07:31.256 [info] Getting sessions for all scopes...
2025-02-18 03:07:31.256 [info] Getting sessions for all scopes...
2025-02-18 03:07:31.256 [info] Getting sessions for all scopes...
2025-02-18 03:07:31.256 [info] Getting sessions for all scopes...
2025-02-18 03:07:31.256 [info] Getting sessions for all scopes...
2025-02-18 03:07:31.256 [info] Got stored sessions!
2025-02-18 03:07:31.256 [info] Got 1 verified sessions.
2025-02-18 03:07:31.256 [info] Got 1 sessions for ...
2025-02-18 03:07:31.256 [info] Got 1 sessions for ...
2025-02-18 03:07:31.256 [info] Got 1 sessions for ...
2025-02-18 03:07:31.256 [info] Got 1 sessions for ...
2025-02-18 03:07:31.256 [info] Got 1 sessions for ...
2025-02-18 03:07:31.256 [info] Got 1 sessions for ...
2025-02-18 03:07:31.256 [info] Got 1 sessions for ...
2025-02-18 03:07:31.377 [info] Getting sessions for all scopes...
2025-02-18 03:07:31.377 [info] Got 1 sessions for ...
2025-02-18 03:07:32.159 [info] Getting sessions for read:user,repo,user:email,workflow...
2025-02-18 03:07:32.159 [info] Got 0 sessions for read:user,repo,user:email,workflow...
2025-02-18 03:07:32.159 [info] Getting sessions for all scopes...
2025-02-18 03:07:32.159 [info] Got 1 sessions for ...
2025-02-18 03:07:32.159 [info] Getting sessions for all scopes...
2025-02-18 03:07:32.159 [info] Got 1 sessions for ...
2025-02-18 03:07:32.161 [info] Getting sessions for read:user...
2025-02-18 03:07:32.161 [info] Got 0 sessions for read:user...
2025-02-18 03:07:32.161 [info] Getting sessions for read:user,repo,user:email,workflow...
2025-02-18 03:07:32.161 [info] Got 0 sessions for read:user,repo,user:email,workflow...
2025-02-18 03:07:32.162 [info] Getting sessions for user:email...
2025-02-18 03:07:32.162 [info] Got 1 sessions for user:email...
2025-02-18 03:07:32.162 [info] Getting sessions for user:email...
2025-02-18 03:07:32.162 [info] Got 1 sessions for user:email...
2025-02-18 03:07:32.164 [info] Getting sessions for all scopes...
2025-02-18 03:07:32.164 [info] Got 1 sessions for ...
2025-02-18 03:07:32.167 [info] Getting sessions for read:user,repo,user:email,workflow...
2025-02-18 03:07:32.167 [info] Got 0 sessions for read:user,repo,user:email,workflow...
2025-02-18 03:07:32.923 [info] Getting sessions for user:email...
2025-02-18 03:07:32.923 [info] Got 1 sessions for user:email...
2025-02-18 03:07:32.933 [info] Getting sessions for all scopes...
2025-02-18 03:07:32.933 [info] Got 1 sessions for ...
2025-02-18 03:07:32.934 [info] Getting sessions for read:user,repo,user:email,workflow...
2025-02-18 03:07:32.934 [info] Got 0 sessions for read:user,repo,user:email,workflow...
2025-02-18 03:07:32.934 [info] Getting sessions for user:email...
2025-02-18 03:07:32.934 [info] Got 1 sessions for user:email...
2025-02-18 03:07:33.081 [info] Getting sessions for all scopes...
2025-02-18 03:07:33.081 [info] Got 1 sessions for ...
2025-02-18 03:07:33.102 [info] Getting sessions for read:user,repo,user:email,workflow...
2025-02-18 03:07:33.102 [info] Got 0 sessions for read:user,repo,user:email,workflow...
2025-02-18 03:07:33.103 [info] Getting sessions for user:email...
2025-02-18 03:07:33.103 [info] Got 1 sessions for user:email...
2025-02-18 03:07:33.348 [info] Getting sessions for all scopes...
2025-02-18 03:07:33.348 [info] Got 1 sessions for ...
2025-02-18 03:07:33.348 [info] Getting sessions for all scopes...
2025-02-18 03:07:33.348 [info] Got 1 sessions for ...
2025-02-18 03:07:33.348 [info] Getting sessions for read:user,repo,user:email,workflow...
2025-02-18 03:07:33.348 [info] Got 0 sessions for read:user,repo,user:email,workflow...
2025-02-18 03:07:33.360 [info] Getting sessions for user:email...
2025-02-18 03:07:33.360 [info] Got 1 sessions for user:email...
2025-02-18 03:07:33.361 [info] Getting sessions for all scopes...
2025-02-18 03:07:33.361 [info] Got 1 sessions for ...
2025-02-18 03:07:33.361 [info] Getting sessions for read:user,repo,user:email,workflow...
2025-02-18 03:07:33.361 [info] Got 0 sessions for read:user,repo,user:email,workflow...
2025-02-18 03:07:33.363 [info] Getting sessions for user:email...
2025-02-18 03:07:33.363 [info] Got 1 sessions for user:email...
2025-02-18 03:07:33.400 [info] Getting sessions for all scopes...
2025-02-18 03:07:33.400 [info] Got 1 sessions for ...
2025-02-18 03:07:33.418 [info] Getting sessions for all scopes...
2025-02-18 03:07:33.418 [info] Got 1 sessions for ...
2025-02-18 03:07:33.424 [info] Getting sessions for read:user,repo,user:email,workflow...
2025-02-18 03:07:33.424 [info] Got 0 sessions for read:user,repo,user:email,workflow...
2025-02-18 03:07:33.428 [info] Getting sessions for user:email...
2025-02-18 03:07:33.428 [info] Got 1 sessions for user:email...
2025-02-18 03:07:33.635 [info] Getting sessions for all scopes...
2025-02-18 03:07:33.635 [info] Got 1 sessions for ...
2025-02-18 03:07:33.637 [info] Getting sessions for read:user,repo,user:email,workflow...
2025-02-18 03:07:33.637 [info] Got 0 sessions for read:user,repo,user:email,workflow...
2025-02-18 03:07:33.637 [info] Getting sessions for user:email...
2025-02-18 03:07:33.637 [info] Got 1 sessions for user:email...
