2025-02-18 03:13:13.346 [info] Reading sessions from keychain...
2025-02-18 03:13:13.346 [info] Getting sessions for all scopes...
2025-02-18 03:13:13.346 [info] Getting sessions for all scopes...
2025-02-18 03:13:13.346 [info] Getting sessions for all scopes...
2025-02-18 03:13:13.346 [info] Getting sessions for all scopes...
2025-02-18 03:13:13.346 [info] Getting sessions for all scopes...
2025-02-18 03:13:13.346 [info] Getting sessions for all scopes...
2025-02-18 03:13:13.346 [info] Getting sessions for all scopes...
2025-02-18 03:13:13.346 [info] Got stored sessions!
2025-02-18 03:13:13.346 [info] Got 1 verified sessions.
2025-02-18 03:13:13.346 [info] Got 1 sessions for ...
2025-02-18 03:13:13.346 [info] Got 1 sessions for ...
2025-02-18 03:13:13.346 [info] Got 1 sessions for ...
2025-02-18 03:13:13.346 [info] Got 1 sessions for ...
2025-02-18 03:13:13.346 [info] Got 1 sessions for ...
2025-02-18 03:13:13.346 [info] Got 1 sessions for ...
2025-02-18 03:13:13.346 [info] Got 1 sessions for ...
2025-02-18 03:13:13.457 [info] Getting sessions for all scopes...
2025-02-18 03:13:13.457 [info] Got 1 sessions for ...
2025-02-18 03:13:14.247 [info] Getting sessions for read:user,repo,user:email,workflow...
2025-02-18 03:13:14.247 [info] Got 0 sessions for read:user,repo,user:email,workflow...
2025-02-18 03:13:14.247 [info] Getting sessions for all scopes...
2025-02-18 03:13:14.247 [info] Got 1 sessions for ...
2025-02-18 03:13:14.247 [info] Getting sessions for all scopes...
2025-02-18 03:13:14.247 [info] Got 1 sessions for ...
2025-02-18 03:13:14.251 [info] Getting sessions for read:user...
2025-02-18 03:13:14.251 [info] Got 0 sessions for read:user...
2025-02-18 03:13:14.251 [info] Getting sessions for read:user,repo,user:email,workflow...
2025-02-18 03:13:14.251 [info] Got 0 sessions for read:user,repo,user:email,workflow...
2025-02-18 03:13:14.251 [info] Getting sessions for user:email...
2025-02-18 03:13:14.251 [info] Got 1 sessions for user:email...
2025-02-18 03:13:14.252 [info] Getting sessions for user:email...
2025-02-18 03:13:14.252 [info] Got 1 sessions for user:email...
2025-02-18 03:13:14.255 [info] Getting sessions for all scopes...
2025-02-18 03:13:14.255 [info] Got 1 sessions for ...
2025-02-18 03:13:14.258 [info] Getting sessions for read:user,repo,user:email,workflow...
2025-02-18 03:13:14.258 [info] Got 0 sessions for read:user,repo,user:email,workflow...
2025-02-18 03:13:15.008 [info] Getting sessions for user:email...
2025-02-18 03:13:15.008 [info] Got 1 sessions for user:email...
2025-02-18 03:13:15.020 [info] Getting sessions for all scopes...
2025-02-18 03:13:15.020 [info] Got 1 sessions for ...
2025-02-18 03:13:15.021 [info] Getting sessions for read:user,repo,user:email,workflow...
2025-02-18 03:13:15.021 [info] Got 0 sessions for read:user,repo,user:email,workflow...
2025-02-18 03:13:15.021 [info] Getting sessions for user:email...
2025-02-18 03:13:15.021 [info] Got 1 sessions for user:email...
2025-02-18 03:13:15.199 [info] Getting sessions for all scopes...
2025-02-18 03:13:15.199 [info] Got 1 sessions for ...
2025-02-18 03:13:15.201 [info] Getting sessions for read:user,repo,user:email,workflow...
2025-02-18 03:13:15.201 [info] Got 0 sessions for read:user,repo,user:email,workflow...
2025-02-18 03:13:15.223 [info] Getting sessions for user:email...
2025-02-18 03:13:15.223 [info] Got 1 sessions for user:email...
2025-02-18 03:13:15.454 [info] Getting sessions for all scopes...
2025-02-18 03:13:15.454 [info] Got 1 sessions for ...
2025-02-18 03:13:15.454 [info] Getting sessions for all scopes...
2025-02-18 03:13:15.454 [info] Got 1 sessions for ...
2025-02-18 03:13:15.466 [info] Getting sessions for read:user,repo,user:email,workflow...
2025-02-18 03:13:15.467 [info] Got 0 sessions for read:user,repo,user:email,workflow...
2025-02-18 03:13:15.468 [info] Getting sessions for all scopes...
2025-02-18 03:13:15.468 [info] Got 1 sessions for ...
2025-02-18 03:13:15.476 [info] Getting sessions for user:email...
2025-02-18 03:13:15.476 [info] Got 1 sessions for user:email...
2025-02-18 03:13:15.486 [info] Getting sessions for all scopes...
2025-02-18 03:13:15.486 [info] Got 1 sessions for ...
2025-02-18 03:13:15.488 [info] Getting sessions for read:user,repo,user:email,workflow...
2025-02-18 03:13:15.488 [info] Got 0 sessions for read:user,repo,user:email,workflow...
2025-02-18 03:13:15.489 [info] Getting sessions for user:email...
2025-02-18 03:13:15.489 [info] Got 1 sessions for user:email...
2025-02-18 03:13:15.520 [info] Getting sessions for all scopes...
2025-02-18 03:13:15.520 [info] Got 1 sessions for ...
2025-02-18 03:13:15.527 [info] Getting sessions for read:user,repo,user:email,workflow...
2025-02-18 03:13:15.527 [info] Got 0 sessions for read:user,repo,user:email,workflow...
2025-02-18 03:13:15.527 [info] Getting sessions for user:email...
2025-02-18 03:13:15.527 [info] Got 1 sessions for user:email...
2025-02-18 03:13:15.757 [info] Getting sessions for all scopes...
2025-02-18 03:13:15.757 [info] Got 1 sessions for ...
2025-02-18 03:13:15.758 [info] Getting sessions for read:user,repo,user:email,workflow...
2025-02-18 03:13:15.758 [info] Got 0 sessions for read:user,repo,user:email,workflow...
2025-02-18 03:13:15.759 [info] Getting sessions for user:email...
2025-02-18 03:13:15.759 [info] Got 1 sessions for user:email...
