2025-02-19 00:21:58.858 [info] Reading sessions from keychain...
2025-02-19 00:21:58.858 [info] Getting sessions for all scopes...
2025-02-19 00:21:58.858 [info] Getting sessions for all scopes...
2025-02-19 00:21:58.858 [info] Getting sessions for all scopes...
2025-02-19 00:21:58.858 [info] Getting sessions for all scopes...
2025-02-19 00:21:58.858 [info] Getting sessions for all scopes...
2025-02-19 00:21:58.858 [info] Getting sessions for all scopes...
2025-02-19 00:21:58.858 [info] Getting sessions for all scopes...
2025-02-19 00:21:58.862 [info] Got stored sessions!
2025-02-19 00:21:58.863 [info] Got 1 verified sessions.
2025-02-19 00:21:58.863 [info] Got 1 sessions for ...
2025-02-19 00:21:58.863 [info] Got 1 sessions for ...
2025-02-19 00:21:58.863 [info] Got 1 sessions for ...
2025-02-19 00:21:58.863 [info] Got 1 sessions for ...
2025-02-19 00:21:58.863 [info] Got 1 sessions for ...
2025-02-19 00:21:58.863 [info] Got 1 sessions for ...
2025-02-19 00:21:58.863 [info] Got 1 sessions for ...
2025-02-19 00:21:58.864 [info] Getting sessions for all scopes...
2025-02-19 00:21:58.864 [info] Got 1 sessions for ...
2025-02-19 00:21:59.887 [info] Getting sessions for read:user,repo,user:email,workflow...
2025-02-19 00:21:59.887 [info] Got 0 sessions for read:user,repo,user:email,workflow...
2025-02-19 00:21:59.887 [info] Getting sessions for all scopes...
2025-02-19 00:21:59.887 [info] Got 1 sessions for ...
2025-02-19 00:21:59.887 [info] Getting sessions for all scopes...
2025-02-19 00:21:59.887 [info] Got 1 sessions for ...
2025-02-19 00:21:59.894 [info] Getting sessions for read:user...
2025-02-19 00:21:59.894 [info] Got 0 sessions for read:user...
2025-02-19 00:21:59.894 [info] Getting sessions for read:user,repo,user:email,workflow...
2025-02-19 00:21:59.894 [info] Got 0 sessions for read:user,repo,user:email,workflow...
2025-02-19 00:21:59.894 [info] Getting sessions for user:email...
2025-02-19 00:21:59.894 [info] Got 1 sessions for user:email...
2025-02-19 00:21:59.894 [info] Getting sessions for user:email...
2025-02-19 00:21:59.894 [info] Got 1 sessions for user:email...
2025-02-19 00:21:59.896 [info] Getting sessions for all scopes...
2025-02-19 00:21:59.896 [info] Got 1 sessions for ...
2025-02-19 00:21:59.903 [info] Getting sessions for read:user,repo,user:email,workflow...
2025-02-19 00:21:59.903 [info] Got 0 sessions for read:user,repo,user:email,workflow...
2025-02-19 00:22:00.679 [info] Getting sessions for user:email...
2025-02-19 00:22:00.679 [info] Got 1 sessions for user:email...
2025-02-19 00:22:00.681 [info] Getting sessions for all scopes...
2025-02-19 00:22:00.681 [info] Got 1 sessions for ...
2025-02-19 00:22:00.681 [info] Getting sessions for read:user,repo,user:email,workflow...
2025-02-19 00:22:00.682 [info] Got 0 sessions for read:user,repo,user:email,workflow...
2025-02-19 00:22:00.682 [info] Getting sessions for user:email...
2025-02-19 00:22:00.682 [info] Got 1 sessions for user:email...
2025-02-19 00:22:00.826 [info] Getting sessions for all scopes...
2025-02-19 00:22:00.826 [info] Got 1 sessions for ...
2025-02-19 00:22:00.840 [info] Getting sessions for all scopes...
2025-02-19 00:22:00.840 [info] Got 1 sessions for ...
2025-02-19 00:22:00.881 [info] Getting sessions for read:user,repo,user:email,workflow...
2025-02-19 00:22:00.881 [info] Got 0 sessions for read:user,repo,user:email,workflow...
2025-02-19 00:22:00.888 [info] Getting sessions for user:email...
2025-02-19 00:22:00.888 [info] Got 1 sessions for user:email...
2025-02-19 00:22:01.022 [info] Getting sessions for all scopes...
2025-02-19 00:22:01.022 [info] Got 1 sessions for ...
2025-02-19 00:22:01.022 [info] Getting sessions for all scopes...
2025-02-19 00:22:01.022 [info] Got 1 sessions for ...
2025-02-19 00:22:01.034 [info] Getting sessions for read:user,repo,user:email,workflow...
2025-02-19 00:22:01.034 [info] Got 0 sessions for read:user,repo,user:email,workflow...
2025-02-19 00:22:01.034 [info] Getting sessions for user:email...
2025-02-19 00:22:01.034 [info] Got 1 sessions for user:email...
2025-02-19 00:22:01.035 [info] Getting sessions for all scopes...
2025-02-19 00:22:01.035 [info] Got 1 sessions for ...
2025-02-19 00:22:01.035 [info] Getting sessions for read:user,repo,user:email,workflow...
2025-02-19 00:22:01.035 [info] Got 0 sessions for read:user,repo,user:email,workflow...
2025-02-19 00:22:01.036 [info] Getting sessions for user:email...
2025-02-19 00:22:01.036 [info] Got 1 sessions for user:email...
2025-02-19 00:22:01.066 [info] Getting sessions for all scopes...
2025-02-19 00:22:01.066 [info] Got 1 sessions for ...
2025-02-19 00:22:01.067 [info] Getting sessions for read:user,repo,user:email,workflow...
2025-02-19 00:22:01.067 [info] Got 0 sessions for read:user,repo,user:email,workflow...
2025-02-19 00:22:01.067 [info] Getting sessions for user:email...
2025-02-19 00:22:01.067 [info] Got 1 sessions for user:email...
2025-02-19 00:22:01.384 [info] Getting sessions for all scopes...
2025-02-19 00:22:01.384 [info] Got 1 sessions for ...
2025-02-19 00:22:01.384 [info] Getting sessions for read:user,repo,user:email,workflow...
2025-02-19 00:22:01.384 [info] Got 0 sessions for read:user,repo,user:email,workflow...
2025-02-19 00:22:01.385 [info] Getting sessions for user:email...
2025-02-19 00:22:01.385 [info] Got 1 sessions for user:email...
2025-02-19 00:37:01.387 [info] Getting sessions for all scopes...
2025-02-19 00:37:01.387 [info] Got 1 sessions for ...
2025-02-19 00:37:01.388 [info] Getting sessions for read:user,repo,user:email,workflow...
2025-02-19 00:37:01.388 [info] Got 0 sessions for read:user,repo,user:email,workflow...
2025-02-19 00:37:01.389 [info] Getting sessions for user:email...
2025-02-19 00:37:01.389 [info] Got 1 sessions for user:email...
2025-02-19 00:37:01.418 [info] Getting sessions for all scopes...
2025-02-19 00:37:01.418 [info] Got 1 sessions for ...
2025-02-19 00:37:01.419 [info] Getting sessions for read:user,repo,user:email,workflow...
2025-02-19 00:37:01.419 [info] Got 0 sessions for read:user,repo,user:email,workflow...
2025-02-19 00:37:01.419 [info] Getting sessions for user:email...
2025-02-19 00:37:01.419 [info] Got 1 sessions for user:email...
2025-02-19 00:47:01.022 [info] Getting sessions for all scopes...
2025-02-19 00:47:01.022 [info] Got 1 sessions for ...
2025-02-19 00:47:01.025 [info] Getting sessions for read:user,repo,user:email,workflow...
2025-02-19 00:47:01.025 [info] Got 0 sessions for read:user,repo,user:email,workflow...
2025-02-19 00:47:01.027 [info] Getting sessions for user:email...
2025-02-19 00:47:01.027 [info] Got 1 sessions for user:email...
2025-02-19 00:47:01.441 [info] Getting sessions for all scopes...
2025-02-19 00:47:01.441 [info] Got 1 sessions for ...
2025-02-19 00:47:01.441 [info] Getting sessions for all scopes...
2025-02-19 00:47:01.441 [info] Got 1 sessions for ...
2025-02-19 00:47:01.442 [info] Getting sessions for read:user,repo,user:email,workflow...
2025-02-19 00:47:01.442 [info] Got 0 sessions for read:user,repo,user:email,workflow...
2025-02-19 00:47:01.443 [info] Getting sessions for user:email...
2025-02-19 00:47:01.443 [info] Got 1 sessions for user:email...
2025-02-19 00:47:01.445 [info] Getting sessions for all scopes...
2025-02-19 00:47:01.445 [info] Got 1 sessions for ...
2025-02-19 00:47:01.447 [info] Getting sessions for read:user,repo,user:email,workflow...
2025-02-19 00:47:01.447 [info] Got 0 sessions for read:user,repo,user:email,workflow...
2025-02-19 00:47:01.448 [info] Getting sessions for user:email...
2025-02-19 00:47:01.448 [info] Got 1 sessions for user:email...
2025-02-19 00:47:01.464 [info] Getting sessions for all scopes...
2025-02-19 00:47:01.464 [info] Got 1 sessions for ...
2025-02-19 00:47:01.465 [info] Getting sessions for read:user,repo,user:email,workflow...
2025-02-19 00:47:01.465 [info] Got 0 sessions for read:user,repo,user:email,workflow...
2025-02-19 00:47:01.465 [info] Getting sessions for user:email...
2025-02-19 00:47:01.465 [info] Got 1 sessions for user:email...
